644621.500000
73063.0
1216180
1190 1022
3.908803
bk1 462 616 798 749
bk10a 0 525 119 903
bk10b 308 609 448 770
bk10c 259 609 308 728
bk11 119 847 238 1022
bk12 0 119 140 525
bk13 1050 0 1190 497
bk14a 266 490 462 609
bk14b 0 0 294 119
bk14c 294 0 413 161
bk15a 749 0 1015 119
bk15b 413 0 749 119
bk16 294 161 420 280
bk17a 476 301 847 483
bk17b 826 119 1029 301
bk18 847 301 1050 483
bk19 140 119 259 203
bk2 798 616 1092 749
bk20 476 119 826 301
bk21 868 749 1183 889
bk3 238 770 553 903
bk4 476 483 1036 616
bk5a 728 749 868 882
bk5b 553 749 728 882
bk5c 595 882 826 1015
bk6 826 889 1141 1022
bk7 1092 497 1190 679
bk8a 266 280 476 490
bk8b 140 203 266 581
bk9a 140 581 259 763
bk9b 0 903 119 1022
bk9c 238 903 595 1022
bk9d 119 763 238 847
