19844216.000000
794976.0
38893456
5222 7448
0.617996
M001 0 4130 3234 5838
M002 1008 2478 1680 4032
M003 0 1946 1008 4130
M004 0 5838 3080 7448
M005 3080 5838 3612 7224
M006 3612 5320 4494 7182
M007 2072 2730 2940 3080
M008 0 1302 1246 1946
M009 2072 3080 3052 3542
M010 1008 2184 1624 2478
M011 1246 672 2072 1050
M012 1302 0 2100 406
M013 1302 406 1974 672
M014 2940 1946 3346 2870
M015 2100 392 2940 798
M016 1736 1960 2534 2282
M017 1680 2730 2072 3486
M018 3444 1974 3836 3052
M019 1736 1568 2562 1960
M020 1736 1050 2534 1302
M021 3444 1148 3836 1974
M022 2562 1162 2926 2114
M023 1246 1050 1736 2184
M024 1736 1302 2534 1568
M025 2940 1162 3262 1946
M026 3444 3052 3794 3780
M027 3794 3444 4634 3808
M028 4634 3066 5152 4130
M029 3836 2576 4830 3066
M030 4494 5320 5222 6622
M031 3836 2184 4886 2576
M032 3794 3066 4578 3444
M033 3234 4368 5124 5320
M034 3234 3808 4382 4368
M035 3052 2870 3444 3724
M036 1736 2282 2730 2730
M037 1680 3542 2898 4102
M038 3332 0 4298 448
M039 2968 0 3332 784
M040 2100 0 2968 392
M041 2562 798 3416 1162
M042 3416 980 3794 1148
M043 3416 448 4326 980
M044 0 0 1302 630
M045 0 630 1162 1302
M046 3836 980 4340 2184
M047 4326 0 5138 434
M048 4340 826 5068 2128
M049 4326 434 5068 826
